CRITICAL - 2024-05-23 06:59:17 --> CodeIgniter\View\Exceptions\ViewException: Invalid file: "tambah_peminjaman.php"
in SYSTEMPATH\Exceptions\FrameworkException.php on line 39.
 1 SYSTEMPATH\View\View.php(216): CodeIgniter\Exceptions\FrameworkException::forInvalidFile('tambah_peminjaman.php')
 2 SYSTEMPATH\Common.php(1178): CodeIgniter\View\View->render('tambah_peminjaman', [], true)
 3 APPPATH\Controllers\PeminjamanController.php(21): view('tambah_peminjaman', [...])
 4 SYSTEMPATH\CodeIgniter.php(941): App\Controllers\PeminjamanController->create()
 5 SYSTEMPATH\CodeIgniter.php(502): CodeIgniter\CodeIgniter->runController(Object(App\Controllers\PeminjamanController))
 6 SYSTEMPATH\CodeIgniter.php(361): CodeIgniter\CodeIgniter->handleRequest(null, Object(Config\Cache), false)
 7 FCPATH\index.php(79): CodeIgniter\CodeIgniter->run()
 8 SYSTEMPATH\Commands\Server\rewrite.php(47): require_once('C:\\xampp\\htdocs\\Book-Nest\\public\\index.php')
CRITICAL - 2024-05-23 07:03:55 --> CodeIgniter\View\Exceptions\ViewException: Invalid file: "tambah_peminjaman.php"
in SYSTEMPATH\Exceptions\FrameworkException.php on line 39.
 1 SYSTEMPATH\View\View.php(216): CodeIgniter\Exceptions\FrameworkException::forInvalidFile('tambah_peminjaman.php')
 2 SYSTEMPATH\Common.php(1178): CodeIgniter\View\View->render('tambah_peminjaman', [], true)
 3 APPPATH\Controllers\PeminjamanController.php(21): view('tambah_peminjaman', [...])
 4 SYSTEMPATH\CodeIgniter.php(941): App\Controllers\PeminjamanController->create()
 5 SYSTEMPATH\CodeIgniter.php(502): CodeIgniter\CodeIgniter->runController(Object(App\Controllers\PeminjamanController))
 6 SYSTEMPATH\CodeIgniter.php(361): CodeIgniter\CodeIgniter->handleRequest(null, Object(Config\Cache), false)
 7 FCPATH\index.php(79): CodeIgniter\CodeIgniter->run()
 8 SYSTEMPATH\Commands\Server\rewrite.php(47): require_once('C:\\xampp\\htdocs\\Book-Nest\\public\\index.php')
CRITICAL - 2024-05-23 07:04:51 --> CodeIgniter\View\Exceptions\ViewException: Invalid file: "peminjaman.php"
in SYSTEMPATH\Exceptions\FrameworkException.php on line 39.
 1 SYSTEMPATH\View\View.php(216): CodeIgniter\Exceptions\FrameworkException::forInvalidFile('peminjaman.php')
 2 SYSTEMPATH\Common.php(1178): CodeIgniter\View\View->render('peminjaman', [], true)
 3 APPPATH\Controllers\PeminjamanController.php(21): view('peminjaman', [...])
 4 SYSTEMPATH\CodeIgniter.php(941): App\Controllers\PeminjamanController->create()
 5 SYSTEMPATH\CodeIgniter.php(502): CodeIgniter\CodeIgniter->runController(Object(App\Controllers\PeminjamanController))
 6 SYSTEMPATH\CodeIgniter.php(361): CodeIgniter\CodeIgniter->handleRequest(null, Object(Config\Cache), false)
 7 FCPATH\index.php(79): CodeIgniter\CodeIgniter->run()
 8 SYSTEMPATH\Commands\Server\rewrite.php(47): require_once('C:\\xampp\\htdocs\\Book-Nest\\public\\index.php')
CRITICAL - 2024-05-23 07:05:10 --> CodeIgniter\View\Exceptions\ViewException: Invalid file: "/peminjaman.php"
in SYSTEMPATH\Exceptions\FrameworkException.php on line 39.
 1 SYSTEMPATH\View\View.php(216): CodeIgniter\Exceptions\FrameworkException::forInvalidFile('/peminjaman.php')
 2 SYSTEMPATH\Common.php(1178): CodeIgniter\View\View->render('/peminjaman', [], true)
 3 APPPATH\Controllers\PeminjamanController.php(21): view('/peminjaman', [...])
 4 SYSTEMPATH\CodeIgniter.php(941): App\Controllers\PeminjamanController->create()
 5 SYSTEMPATH\CodeIgniter.php(502): CodeIgniter\CodeIgniter->runController(Object(App\Controllers\PeminjamanController))
 6 SYSTEMPATH\CodeIgniter.php(361): CodeIgniter\CodeIgniter->handleRequest(null, Object(Config\Cache), false)
 7 FCPATH\index.php(79): CodeIgniter\CodeIgniter->run()
 8 SYSTEMPATH\Commands\Server\rewrite.php(47): require_once('C:\\xampp\\htdocs\\Book-Nest\\public\\index.php')
ERROR - 2024-05-23 07:05:50 --> mysqli_sql_exception: Unknown column 'buku_id' in 'field list' in C:\xampp\htdocs\Book-Nest\system\Database\MySQLi\Connection.php:306
Stack trace:
#0 C:\xampp\htdocs\Book-Nest\system\Database\MySQLi\Connection.php(306): mysqli->query('INSERT INTO `tb...', 0)
#1 C:\xampp\htdocs\Book-Nest\system\Database\BaseConnection.php(693): CodeIgniter\Database\MySQLi\Connection->execute('INSERT INTO `tb...')
#2 C:\xampp\htdocs\Book-Nest\system\Database\BaseConnection.php(607): CodeIgniter\Database\BaseConnection->simpleQuery('INSERT INTO `tb...')
#3 C:\xampp\htdocs\Book-Nest\system\Database\BaseBuilder.php(2307): CodeIgniter\Database\BaseConnection->query('INSERT INTO `tb...', Array, false)
#4 C:\xampp\htdocs\Book-Nest\system\Model.php(326): CodeIgniter\Database\BaseBuilder->insert()
#5 C:\xampp\htdocs\Book-Nest\system\BaseModel.php(802): CodeIgniter\Model->doInsert(Array)
#6 C:\xampp\htdocs\Book-Nest\system\Model.php(744): CodeIgniter\BaseModel->insert(Array, true)
#7 C:\xampp\htdocs\Book-Nest\app\Controllers\PeminjamanController.php(39): CodeIgniter\Model->insert(Array)
#8 C:\xampp\htdocs\Book-Nest\system\CodeIgniter.php(941): App\Controllers\PeminjamanController->store()
#9 C:\xampp\htdocs\Book-Nest\system\CodeIgniter.php(502): CodeIgniter\CodeIgniter->runController(Object(App\Controllers\PeminjamanController))
#10 C:\xampp\htdocs\Book-Nest\system\CodeIgniter.php(361): CodeIgniter\CodeIgniter->handleRequest(NULL, Object(Config\Cache), false)
#11 C:\xampp\htdocs\Book-Nest\public\index.php(79): CodeIgniter\CodeIgniter->run()
#12 C:\xampp\htdocs\Book-Nest\system\Commands\Server\rewrite.php(47): require_once('C:\\xampp\\htdocs...')
#13 {main}
CRITICAL - 2024-05-23 07:05:50 --> CodeIgniter\Database\Exceptions\DatabaseException: Unknown column 'buku_id' in 'field list'
in SYSTEMPATH\Database\BaseConnection.php on line 647.
 1 SYSTEMPATH\Database\BaseBuilder.php(2307): CodeIgniter\Database\BaseConnection->query('INSERT INTO `tb_peminjaman` (`user_id`, `buku_id`, `jumlah_buku`, `tgl_pinjam`, `tgl_kembali`, `batas_waktu`, `status`, `denda`) VALUES (:user_id:, :buku_id:, :jumlah_buku:, :tgl_pinjam:, :tgl_kembali:, :batas_waktu:, :status:, :denda:)', [...], false)
 2 SYSTEMPATH\Model.php(326): CodeIgniter\Database\BaseBuilder->insert()
 3 SYSTEMPATH\BaseModel.php(802): CodeIgniter\Model->doInsert([...])
 4 SYSTEMPATH\Model.php(744): CodeIgniter\BaseModel->insert([...], true)
 5 APPPATH\Controllers\PeminjamanController.php(39): CodeIgniter\Model->insert([...])
 6 SYSTEMPATH\CodeIgniter.php(941): App\Controllers\PeminjamanController->store()
 7 SYSTEMPATH\CodeIgniter.php(502): CodeIgniter\CodeIgniter->runController(Object(App\Controllers\PeminjamanController))
 8 SYSTEMPATH\CodeIgniter.php(361): CodeIgniter\CodeIgniter->handleRequest(null, Object(Config\Cache), false)
 9 FCPATH\index.php(79): CodeIgniter\CodeIgniter->run()
10 SYSTEMPATH\Commands\Server\rewrite.php(47): require_once('C:\\xampp\\htdocs\\Book-Nest\\public\\index.php')
CRITICAL - 2024-05-23 07:05:50 --> [Caused by] CodeIgniter\Database\Exceptions\DatabaseException: Unknown column 'buku_id' in 'field list'
in SYSTEMPATH\Database\MySQLi\Connection.php on line 311.
 1 SYSTEMPATH\Database\BaseConnection.php(693): CodeIgniter\Database\MySQLi\Connection->execute('INSERT INTO `tb_peminjaman` (`user_id`, `buku_id`, `jumlah_buku`, `tgl_pinjam`, `tgl_kembali`, `batas_waktu`, `status`, `denda`) VALUES (\'1\', \'1\', \'1\', \'2024-05-31\', \'2024-06-15\', \'2024-06-07\', \'Dipinjam\', 0)')
 2 SYSTEMPATH\Database\BaseConnection.php(607): CodeIgniter\Database\BaseConnection->simpleQuery('INSERT INTO `tb_peminjaman` (`user_id`, `buku_id`, `jumlah_buku`, `tgl_pinjam`, `tgl_kembali`, `batas_waktu`, `status`, `denda`) VALUES (\'1\', \'1\', \'1\', \'2024-05-31\', \'2024-06-15\', \'2024-06-07\', \'Dipinjam\', 0)')
 3 SYSTEMPATH\Database\BaseBuilder.php(2307): CodeIgniter\Database\BaseConnection->query('INSERT INTO `tb_peminjaman` (`user_id`, `buku_id`, `jumlah_buku`, `tgl_pinjam`, `tgl_kembali`, `batas_waktu`, `status`, `denda`) VALUES (:user_id:, :buku_id:, :jumlah_buku:, :tgl_pinjam:, :tgl_kembali:, :batas_waktu:, :status:, :denda:)', [...], false)
 4 SYSTEMPATH\Model.php(326): CodeIgniter\Database\BaseBuilder->insert()
 5 SYSTEMPATH\BaseModel.php(802): CodeIgniter\Model->doInsert([...])
 6 SYSTEMPATH\Model.php(744): CodeIgniter\BaseModel->insert([...], true)
 7 APPPATH\Controllers\PeminjamanController.php(39): CodeIgniter\Model->insert([...])
 8 SYSTEMPATH\CodeIgniter.php(941): App\Controllers\PeminjamanController->store()
 9 SYSTEMPATH\CodeIgniter.php(502): CodeIgniter\CodeIgniter->runController(Object(App\Controllers\PeminjamanController))
10 SYSTEMPATH\CodeIgniter.php(361): CodeIgniter\CodeIgniter->handleRequest(null, Object(Config\Cache), false)
11 FCPATH\index.php(79): CodeIgniter\CodeIgniter->run()
12 SYSTEMPATH\Commands\Server\rewrite.php(47): require_once('C:\\xampp\\htdocs\\Book-Nest\\public\\index.php')
CRITICAL - 2024-05-23 07:05:50 --> [Caused by] mysqli_sql_exception: Unknown column 'buku_id' in 'field list'
in SYSTEMPATH\Database\MySQLi\Connection.php on line 306.
 1 SYSTEMPATH\Database\MySQLi\Connection.php(306): mysqli->query('INSERT INTO `tb_peminjaman` (`user_id`, `buku_id`, `jumlah_buku`, `tgl_pinjam`, `tgl_kembali`, `batas_waktu`, `status`, `denda`) VALUES (\'1\', \'1\', \'1\', \'2024-05-31\', \'2024-06-15\', \'2024-06-07\', \'Dipinjam\', 0)', 0)
 2 SYSTEMPATH\Database\BaseConnection.php(693): CodeIgniter\Database\MySQLi\Connection->execute('INSERT INTO `tb_peminjaman` (`user_id`, `buku_id`, `jumlah_buku`, `tgl_pinjam`, `tgl_kembali`, `batas_waktu`, `status`, `denda`) VALUES (\'1\', \'1\', \'1\', \'2024-05-31\', \'2024-06-15\', \'2024-06-07\', \'Dipinjam\', 0)')
 3 SYSTEMPATH\Database\BaseConnection.php(607): CodeIgniter\Database\BaseConnection->simpleQuery('INSERT INTO `tb_peminjaman` (`user_id`, `buku_id`, `jumlah_buku`, `tgl_pinjam`, `tgl_kembali`, `batas_waktu`, `status`, `denda`) VALUES (\'1\', \'1\', \'1\', \'2024-05-31\', \'2024-06-15\', \'2024-06-07\', \'Dipinjam\', 0)')
 4 SYSTEMPATH\Database\BaseBuilder.php(2307): CodeIgniter\Database\BaseConnection->query('INSERT INTO `tb_peminjaman` (`user_id`, `buku_id`, `jumlah_buku`, `tgl_pinjam`, `tgl_kembali`, `batas_waktu`, `status`, `denda`) VALUES (:user_id:, :buku_id:, :jumlah_buku:, :tgl_pinjam:, :tgl_kembali:, :batas_waktu:, :status:, :denda:)', [...], false)
 5 SYSTEMPATH\Model.php(326): CodeIgniter\Database\BaseBuilder->insert()
 6 SYSTEMPATH\BaseModel.php(802): CodeIgniter\Model->doInsert([...])
 7 SYSTEMPATH\Model.php(744): CodeIgniter\BaseModel->insert([...], true)
 8 APPPATH\Controllers\PeminjamanController.php(39): CodeIgniter\Model->insert([...])
 9 SYSTEMPATH\CodeIgniter.php(941): App\Controllers\PeminjamanController->store()
10 SYSTEMPATH\CodeIgniter.php(502): CodeIgniter\CodeIgniter->runController(Object(App\Controllers\PeminjamanController))
11 SYSTEMPATH\CodeIgniter.php(361): CodeIgniter\CodeIgniter->handleRequest(null, Object(Config\Cache), false)
12 FCPATH\index.php(79): CodeIgniter\CodeIgniter->run()
13 SYSTEMPATH\Commands\Server\rewrite.php(47): require_once('C:\\xampp\\htdocs\\Book-Nest\\public\\index.php')
CRITICAL - 2024-05-23 07:35:01 --> CodeIgniter\View\Exceptions\ViewException: Invalid file: "pengembalian_buku.php"
in SYSTEMPATH\Exceptions\FrameworkException.php on line 39.
 1 SYSTEMPATH\View\View.php(216): CodeIgniter\Exceptions\FrameworkException::forInvalidFile('pengembalian_buku.php')
 2 SYSTEMPATH\Common.php(1178): CodeIgniter\View\View->render('pengembalian_buku', [], true)
 3 APPPATH\Controllers\PeminjamanController.php(110): view('pengembalian_buku', [...])
 4 SYSTEMPATH\CodeIgniter.php(941): App\Controllers\PeminjamanController->createReturn()
 5 SYSTEMPATH\CodeIgniter.php(502): CodeIgniter\CodeIgniter->runController(Object(App\Controllers\PeminjamanController))
 6 SYSTEMPATH\CodeIgniter.php(361): CodeIgniter\CodeIgniter->handleRequest(null, Object(Config\Cache), false)
 7 FCPATH\index.php(79): CodeIgniter\CodeIgniter->run()
 8 SYSTEMPATH\Commands\Server\rewrite.php(47): require_once('C:\\xampp\\htdocs\\Book-Nest\\public\\index.php')
CRITICAL - 2024-05-23 09:05:52 --> ErrorException: Undefined variable $bukus
in APPPATH\Views\home\table_buku.php on line 26.
 1 APPPATH\Views\home\table_buku.php(26): CodeIgniter\Debug\Exceptions->errorHandler(2, 'Undefined variable $bukus', 'C:\\xampp\\htdocs\\Book-Nest\\app\\Views\\home\\table_buku.php', 26)
 2 SYSTEMPATH\View\View.php(228): include('C:\\xampp\\htdocs\\Book-Nest\\app\\Views\\home\\table_buku.php')
 3 SYSTEMPATH\View\View.php(231): CodeIgniter\View\View->CodeIgniter\View\{closure}()
 4 SYSTEMPATH\Common.php(1178): CodeIgniter\View\View->render('/home/table_buku', [], true)
 5 APPPATH\Controllers\BukuController.php(15): view('/home/table_buku', [...])
 6 SYSTEMPATH\CodeIgniter.php(941): App\Controllers\BukuController->index()
 7 SYSTEMPATH\CodeIgniter.php(502): CodeIgniter\CodeIgniter->runController(Object(App\Controllers\BukuController))
 8 SYSTEMPATH\CodeIgniter.php(361): CodeIgniter\CodeIgniter->handleRequest(null, Object(Config\Cache), false)
 9 FCPATH\index.php(79): CodeIgniter\CodeIgniter->run()
10 SYSTEMPATH\Commands\Server\rewrite.php(47): require_once('C:\\xampp\\htdocs\\Book-Nest\\public\\index.php')
CRITICAL - 2024-05-23 09:06:12 --> ErrorException: Undefined array key "penulis_nama"
in APPPATH\Views\home\table_buku.php on line 30.
 1 APPPATH\Views\home\table_buku.php(30): CodeIgniter\Debug\Exceptions->errorHandler(2, 'Undefined array key "penulis_nama"', 'C:\\xampp\\htdocs\\Book-Nest\\app\\Views\\home\\table_buku.php', 30)
 2 SYSTEMPATH\View\View.php(228): include('C:\\xampp\\htdocs\\Book-Nest\\app\\Views\\home\\table_buku.php')
 3 SYSTEMPATH\View\View.php(231): CodeIgniter\View\View->CodeIgniter\View\{closure}()
 4 SYSTEMPATH\Common.php(1178): CodeIgniter\View\View->render('/home/table_buku', [], true)
 5 APPPATH\Controllers\BukuController.php(15): view('/home/table_buku', [...])
 6 SYSTEMPATH\CodeIgniter.php(941): App\Controllers\BukuController->index()
 7 SYSTEMPATH\CodeIgniter.php(502): CodeIgniter\CodeIgniter->runController(Object(App\Controllers\BukuController))
 8 SYSTEMPATH\CodeIgniter.php(361): CodeIgniter\CodeIgniter->handleRequest(null, Object(Config\Cache), false)
 9 FCPATH\index.php(79): CodeIgniter\CodeIgniter->run()
10 SYSTEMPATH\Commands\Server\rewrite.php(47): require_once('C:\\xampp\\htdocs\\Book-Nest\\public\\index.php')
CRITICAL - 2024-05-23 09:06:55 --> ErrorException: Undefined array key "penulis_nama"
in APPPATH\Views\home\table_buku.php on line 30.
 1 APPPATH\Views\home\table_buku.php(30): CodeIgniter\Debug\Exceptions->errorHandler(2, 'Undefined array key "penulis_nama"', 'C:\\xampp\\htdocs\\Book-Nest\\app\\Views\\home\\table_buku.php', 30)
 2 SYSTEMPATH\View\View.php(228): include('C:\\xampp\\htdocs\\Book-Nest\\app\\Views\\home\\table_buku.php')
 3 SYSTEMPATH\View\View.php(231): CodeIgniter\View\View->CodeIgniter\View\{closure}()
 4 SYSTEMPATH\Common.php(1178): CodeIgniter\View\View->render('/home/table_buku', [], true)
 5 APPPATH\Controllers\BukuController.php(15): view('/home/table_buku', [...])
 6 SYSTEMPATH\CodeIgniter.php(941): App\Controllers\BukuController->index()
 7 SYSTEMPATH\CodeIgniter.php(502): CodeIgniter\CodeIgniter->runController(Object(App\Controllers\BukuController))
 8 SYSTEMPATH\CodeIgniter.php(361): CodeIgniter\CodeIgniter->handleRequest(null, Object(Config\Cache), false)
 9 FCPATH\index.php(79): CodeIgniter\CodeIgniter->run()
10 SYSTEMPATH\Commands\Server\rewrite.php(47): require_once('C:\\xampp\\htdocs\\Book-Nest\\public\\index.php')
CRITICAL - 2024-05-23 09:18:10 --> ErrorException: Undefined array key "penerbit_nama"
in APPPATH\Views\home\table_buku.php on line 31.
 1 APPPATH\Views\home\table_buku.php(31): CodeIgniter\Debug\Exceptions->errorHandler(2, 'Undefined array key "penerbit_nama"', 'C:\\xampp\\htdocs\\Book-Nest\\app\\Views\\home\\table_buku.php', 31)
 2 SYSTEMPATH\View\View.php(228): include('C:\\xampp\\htdocs\\Book-Nest\\app\\Views\\home\\table_buku.php')
 3 SYSTEMPATH\View\View.php(231): CodeIgniter\View\View->CodeIgniter\View\{closure}()
 4 SYSTEMPATH\Common.php(1178): CodeIgniter\View\View->render('/home/table_buku', [], true)
 5 APPPATH\Controllers\BukuController.php(15): view('/home/table_buku', [...])
 6 SYSTEMPATH\CodeIgniter.php(941): App\Controllers\BukuController->index()
 7 SYSTEMPATH\CodeIgniter.php(502): CodeIgniter\CodeIgniter->runController(Object(App\Controllers\BukuController))
 8 SYSTEMPATH\CodeIgniter.php(361): CodeIgniter\CodeIgniter->handleRequest(null, Object(Config\Cache), false)
 9 FCPATH\index.php(79): CodeIgniter\CodeIgniter->run()
10 SYSTEMPATH\Commands\Server\rewrite.php(47): require_once('C:\\xampp\\htdocs\\Book-Nest\\public\\index.php')
