INFO - 2024-05-24 08:08:49 --> Session: Class initialized using 'CodeIgniter\Session\Handlers\FileHandler' driver.
INFO - 2024-05-24 08:08:53 --> Session: Class initialized using 'CodeIgniter\Session\Handlers\FileHandler' driver.
INFO - 2024-05-24 08:09:49 --> Session: Class initialized using 'CodeIgniter\Session\Handlers\FileHandler' driver.
INFO - 2024-05-24 08:10:08 --> Session: Class initialized using 'CodeIgniter\Session\Handlers\FileHandler' driver.
INFO - 2024-05-24 08:10:26 --> Session: Class initialized using 'CodeIgniter\Session\Handlers\FileHandler' driver.
CRITICAL - 2024-05-24 08:28:16 --> Error: Call to a member function getBukuWithRelations() on array
in APPPATH\Controllers\BukuController.php on line 14.
 1 SYSTEMPATH\CodeIgniter.php(941): App\Controllers\BukuController->index()
 2 SYSTEMPATH\CodeIgniter.php(502): CodeIgniter\CodeIgniter->runController(Object(App\Controllers\BukuController))
 3 SYSTEMPATH\CodeIgniter.php(361): CodeIgniter\CodeIgniter->handleRequest(null, Object(Config\Cache), false)
 4 FCPATH\index.php(79): CodeIgniter\CodeIgniter->run()
 5 SYSTEMPATH\Commands\Server\rewrite.php(47): require_once('C:\\xampp\\htdocs\\Book-Nest\\public\\index.php')
CRITICAL - 2024-05-24 08:45:22 --> Error: Class "App\Controllers\PeminjmanModel" not found
in APPPATH\Controllers\PeminjamanController.php on line 117.
 1 SYSTEMPATH\CodeIgniter.php(941): App\Controllers\PeminjamanController->index()
 2 SYSTEMPATH\CodeIgniter.php(502): CodeIgniter\CodeIgniter->runController(Object(App\Controllers\PeminjamanController))
 3 SYSTEMPATH\CodeIgniter.php(361): CodeIgniter\CodeIgniter->handleRequest(null, Object(Config\Cache), false)
 4 FCPATH\index.php(79): CodeIgniter\CodeIgniter->run()
 5 SYSTEMPATH\Commands\Server\rewrite.php(47): require_once('C:\\xampp\\htdocs\\Book-Nest\\public\\index.php')
ERROR - 2024-05-24 08:45:51 --> mysqli_sql_exception: Unknown column 'tb_buku.nama' in 'field list' in C:\xampp\htdocs\Book-Nest\system\Database\MySQLi\Connection.php:306
Stack trace:
#0 C:\xampp\htdocs\Book-Nest\system\Database\MySQLi\Connection.php(306): mysqli->query('SELECT `tb_pemi...', 0)
#1 C:\xampp\htdocs\Book-Nest\system\Database\BaseConnection.php(693): CodeIgniter\Database\MySQLi\Connection->execute('SELECT `tb_pemi...')
#2 C:\xampp\htdocs\Book-Nest\system\Database\BaseConnection.php(607): CodeIgniter\Database\BaseConnection->simpleQuery('SELECT `tb_pemi...')
#3 C:\xampp\htdocs\Book-Nest\system\Database\BaseBuilder.php(1616): CodeIgniter\Database\BaseConnection->query('SELECT `tb_pemi...', Array, false)
#4 C:\xampp\htdocs\Book-Nest\system\Model.php(242): CodeIgniter\Database\BaseBuilder->get()
#5 C:\xampp\htdocs\Book-Nest\system\BaseModel.php(638): CodeIgniter\Model->doFindAll(0, 0)
#6 C:\xampp\htdocs\Book-Nest\app\Models\PeminjamanModel.php(27): CodeIgniter\BaseModel->findAll()
#7 C:\xampp\htdocs\Book-Nest\app\Controllers\PeminjamanController.php(118): App\Models\PeminjamanModel->getPeminjamanWithRelations()
#8 C:\xampp\htdocs\Book-Nest\system\CodeIgniter.php(941): App\Controllers\PeminjamanController->index()
#9 C:\xampp\htdocs\Book-Nest\system\CodeIgniter.php(502): CodeIgniter\CodeIgniter->runController(Object(App\Controllers\PeminjamanController))
#10 C:\xampp\htdocs\Book-Nest\system\CodeIgniter.php(361): CodeIgniter\CodeIgniter->handleRequest(NULL, Object(Config\Cache), false)
#11 C:\xampp\htdocs\Book-Nest\public\index.php(79): CodeIgniter\CodeIgniter->run()
#12 C:\xampp\htdocs\Book-Nest\system\Commands\Server\rewrite.php(47): require_once('C:\\xampp\\htdocs...')
#13 {main}
CRITICAL - 2024-05-24 08:45:51 --> CodeIgniter\Database\Exceptions\DatabaseException: Unknown column 'tb_buku.nama' in 'field list'
in SYSTEMPATH\Database\BaseConnection.php on line 647.
 1 SYSTEMPATH\Database\BaseBuilder.php(1616): CodeIgniter\Database\BaseConnection->query('SELECT `tb_peminjaman`.*, `tb_user`.`nama` as `user_nama`, `tb_buku`.`nama` as `buku_nama`
FROM `tb_peminjaman`
JOIN `tb_user` ON `tb_user`.`id` = `tb_peminjaman`.`user_id`
JOIN `tb_buku` ON `tb_buku`.`id` = `tb_peminjaman`.`buku_id`', [], false)
 2 SYSTEMPATH\Model.php(242): CodeIgniter\Database\BaseBuilder->get()
 3 SYSTEMPATH\BaseModel.php(638): CodeIgniter\Model->doFindAll(0, 0)
 4 APPPATH\Models\PeminjamanModel.php(27): CodeIgniter\BaseModel->findAll()
 5 APPPATH\Controllers\PeminjamanController.php(118): App\Models\PeminjamanModel->getPeminjamanWithRelations()
 6 SYSTEMPATH\CodeIgniter.php(941): App\Controllers\PeminjamanController->index()
 7 SYSTEMPATH\CodeIgniter.php(502): CodeIgniter\CodeIgniter->runController(Object(App\Controllers\PeminjamanController))
 8 SYSTEMPATH\CodeIgniter.php(361): CodeIgniter\CodeIgniter->handleRequest(null, Object(Config\Cache), false)
 9 FCPATH\index.php(79): CodeIgniter\CodeIgniter->run()
10 SYSTEMPATH\Commands\Server\rewrite.php(47): require_once('C:\\xampp\\htdocs\\Book-Nest\\public\\index.php')
CRITICAL - 2024-05-24 08:45:52 --> [Caused by] CodeIgniter\Database\Exceptions\DatabaseException: Unknown column 'tb_buku.nama' in 'field list'
in SYSTEMPATH\Database\MySQLi\Connection.php on line 311.
 1 SYSTEMPATH\Database\BaseConnection.php(693): CodeIgniter\Database\MySQLi\Connection->execute('SELECT `tb_peminjaman`.*, `tb_user`.`nama` as `user_nama`, `tb_buku`.`nama` as `buku_nama`
FROM `tb_peminjaman`
JOIN `tb_user` ON `tb_user`.`id` = `tb_peminjaman`.`user_id`
JOIN `tb_buku` ON `tb_buku`.`id` = `tb_peminjaman`.`buku_id`')
 2 SYSTEMPATH\Database\BaseConnection.php(607): CodeIgniter\Database\BaseConnection->simpleQuery('SELECT `tb_peminjaman`.*, `tb_user`.`nama` as `user_nama`, `tb_buku`.`nama` as `buku_nama`
FROM `tb_peminjaman`
JOIN `tb_user` ON `tb_user`.`id` = `tb_peminjaman`.`user_id`
JOIN `tb_buku` ON `tb_buku`.`id` = `tb_peminjaman`.`buku_id`')
 3 SYSTEMPATH\Database\BaseBuilder.php(1616): CodeIgniter\Database\BaseConnection->query('SELECT `tb_peminjaman`.*, `tb_user`.`nama` as `user_nama`, `tb_buku`.`nama` as `buku_nama`
FROM `tb_peminjaman`
JOIN `tb_user` ON `tb_user`.`id` = `tb_peminjaman`.`user_id`
JOIN `tb_buku` ON `tb_buku`.`id` = `tb_peminjaman`.`buku_id`', [], false)
 4 SYSTEMPATH\Model.php(242): CodeIgniter\Database\BaseBuilder->get()
 5 SYSTEMPATH\BaseModel.php(638): CodeIgniter\Model->doFindAll(0, 0)
 6 APPPATH\Models\PeminjamanModel.php(27): CodeIgniter\BaseModel->findAll()
 7 APPPATH\Controllers\PeminjamanController.php(118): App\Models\PeminjamanModel->getPeminjamanWithRelations()
 8 SYSTEMPATH\CodeIgniter.php(941): App\Controllers\PeminjamanController->index()
 9 SYSTEMPATH\CodeIgniter.php(502): CodeIgniter\CodeIgniter->runController(Object(App\Controllers\PeminjamanController))
10 SYSTEMPATH\CodeIgniter.php(361): CodeIgniter\CodeIgniter->handleRequest(null, Object(Config\Cache), false)
11 FCPATH\index.php(79): CodeIgniter\CodeIgniter->run()
12 SYSTEMPATH\Commands\Server\rewrite.php(47): require_once('C:\\xampp\\htdocs\\Book-Nest\\public\\index.php')
CRITICAL - 2024-05-24 08:45:52 --> [Caused by] mysqli_sql_exception: Unknown column 'tb_buku.nama' in 'field list'
in SYSTEMPATH\Database\MySQLi\Connection.php on line 306.
 1 SYSTEMPATH\Database\MySQLi\Connection.php(306): mysqli->query('SELECT `tb_peminjaman`.*, `tb_user`.`nama` as `user_nama`, `tb_buku`.`nama` as `buku_nama`
FROM `tb_peminjaman`
JOIN `tb_user` ON `tb_user`.`id` = `tb_peminjaman`.`user_id`
JOIN `tb_buku` ON `tb_buku`.`id` = `tb_peminjaman`.`buku_id`', 0)
 2 SYSTEMPATH\Database\BaseConnection.php(693): CodeIgniter\Database\MySQLi\Connection->execute('SELECT `tb_peminjaman`.*, `tb_user`.`nama` as `user_nama`, `tb_buku`.`nama` as `buku_nama`
FROM `tb_peminjaman`
JOIN `tb_user` ON `tb_user`.`id` = `tb_peminjaman`.`user_id`
JOIN `tb_buku` ON `tb_buku`.`id` = `tb_peminjaman`.`buku_id`')
 3 SYSTEMPATH\Database\BaseConnection.php(607): CodeIgniter\Database\BaseConnection->simpleQuery('SELECT `tb_peminjaman`.*, `tb_user`.`nama` as `user_nama`, `tb_buku`.`nama` as `buku_nama`
FROM `tb_peminjaman`
JOIN `tb_user` ON `tb_user`.`id` = `tb_peminjaman`.`user_id`
JOIN `tb_buku` ON `tb_buku`.`id` = `tb_peminjaman`.`buku_id`')
 4 SYSTEMPATH\Database\BaseBuilder.php(1616): CodeIgniter\Database\BaseConnection->query('SELECT `tb_peminjaman`.*, `tb_user`.`nama` as `user_nama`, `tb_buku`.`nama` as `buku_nama`
FROM `tb_peminjaman`
JOIN `tb_user` ON `tb_user`.`id` = `tb_peminjaman`.`user_id`
JOIN `tb_buku` ON `tb_buku`.`id` = `tb_peminjaman`.`buku_id`', [], false)
 5 SYSTEMPATH\Model.php(242): CodeIgniter\Database\BaseBuilder->get()
 6 SYSTEMPATH\BaseModel.php(638): CodeIgniter\Model->doFindAll(0, 0)
 7 APPPATH\Models\PeminjamanModel.php(27): CodeIgniter\BaseModel->findAll()
 8 APPPATH\Controllers\PeminjamanController.php(118): App\Models\PeminjamanModel->getPeminjamanWithRelations()
 9 SYSTEMPATH\CodeIgniter.php(941): App\Controllers\PeminjamanController->index()
10 SYSTEMPATH\CodeIgniter.php(502): CodeIgniter\CodeIgniter->runController(Object(App\Controllers\PeminjamanController))
11 SYSTEMPATH\CodeIgniter.php(361): CodeIgniter\CodeIgniter->handleRequest(null, Object(Config\Cache), false)
12 FCPATH\index.php(79): CodeIgniter\CodeIgniter->run()
13 SYSTEMPATH\Commands\Server\rewrite.php(47): require_once('C:\\xampp\\htdocs\\Book-Nest\\public\\index.php')
INFO - 2024-05-24 08:54:14 --> Session: Class initialized using 'CodeIgniter\Session\Handlers\FileHandler' driver.
INFO - 2024-05-24 08:54:33 --> Session: Class initialized using 'CodeIgniter\Session\Handlers\FileHandler' driver.
